Build started 5/24/2016 12:25:23 PM.
     1>Project "D:\STUDYING\THESIS GRADUATION\Code\ANPR_ETC\ANPR\ANPR.vcxproj" on node 2 (Build target(s)).
     1>C:\Program Files (x86)\MSBuild\12.0\bin\Microsoft.Common.CurrentVersion.targets(1635,5): warning MSB3245: Could not resolve this reference. Could not locate the assembly "DevExpress.Data.v14.1". Check to make sure the assembly exists on disk. If this reference is required by your code, you may get compilation errors.
     1>C:\Program Files (x86)\MSBuild\12.0\bin\Microsoft.Common.CurrentVersion.targets(1635,5): warning MSB3245: Could not resolve this reference. Could not locate the assembly "DevExpress.Utils.v14.1". Check to make sure the assembly exists on disk. If this reference is required by your code, you may get compilation errors.
     1>C:\Program Files (x86)\MSBuild\12.0\bin\Microsoft.Common.CurrentVersion.targets(1635,5): warning MSB3245: Could not resolve this reference. Could not locate the assembly "DevExpress.XtraBars.v14.1". Check to make sure the assembly exists on disk. If this reference is required by your code, you may get compilation errors.
     1>C:\Program Files (x86)\MSBuild\12.0\bin\Microsoft.Common.CurrentVersion.targets(1635,5): warning MSB3245: Could not resolve this reference. Could not locate the assembly "DevExpress.XtraEditors.v14.1". Check to make sure the assembly exists on disk. If this reference is required by your code, you may get compilation errors.
     1>ClCompile:
         C:\Program Files (x86)\Microsoft Visual Studio 12.0\VC\bin\x86_amd64\CL.exe /c /IC:\OpenCV\build\include /AI"C:\Program Files (x86)\Reference Assemblies\Microsoft\Framework\.NETFramework\v4.5\\" /AI"C:\Program Files (x86)\Windows Kits\8.1\References\CommonConfiguration\Neutral" /AI"C:\Program Files (x86)\Reference Assemblies\Microsoft\Framework\.NETFramework\v4.5\Facades\\" /Zi /clr /nologo /W3 /WX- /Od /D WIN32 /D _DEBUG /D _UNICODE /D UNICODE /EHa /MDd /GS /fp:precise /Zc:wchar_t /Zc:forScope /Fo"x64\Debug\\" /Fd"x64\Debug\vc120.pdb" /TP /FU"C:\Program Files (x86)\Reference Assemblies\Microsoft\Framework\.NETFramework\v4.5\mscorlib.dll" /FU"C:\Program Files (x86)\Reference Assemblies\Microsoft\Framework\.NETFramework\v4.5\System.Core.dll" /FU"C:\Program Files (x86)\Reference Assemblies\Microsoft\Framework\.NETFramework\v4.5\System.Data.dll" /FU"C:\Program Files (x86)\Reference Assemblies\Microsoft\Framework\.NETFramework\v4.5\System.dll" /FU"C:\Program Files (x86)\Reference Assemblies\Microsoft\Framework\.NETFramework\v4.5\System.Drawing.dll" /FU"C:\Program Files (x86)\Reference Assemblies\Microsoft\Framework\.NETFramework\v4.5\System.Windows.Forms.dll" /FU"C:\Program Files (x86)\Reference Assemblies\Microsoft\Framework\.NETFramework\v4.5\System.Xml.dll" /errorReport:prompt /clr:nostdlib ANPR.cpp
         ANPR.cpp
     1>d:\studying\thesis graduation\code\anpr_etc\anpr\Form1.h(1039): warning C4267: 'argument' : conversion from 'size_t' to 'int', possible loss of data
     1>d:\studying\thesis graduation\code\anpr_etc\anpr\Form1.h(1118): warning C4101: 'noRecognise' : unreferenced local variable
     1>d:\studying\thesis graduation\code\anpr_etc\anpr\form1.h(875): warning C4700: uninitialized local variable 'noImageLoaded' used
       Link:
         C:\Program Files (x86)\Microsoft Visual Studio 12.0\VC\bin\x86_amd64\link.exe /ERRORREPORT:PROMPT /OUT:"D:\STUDYING\THESIS GRADUATION\Code\ANPR_ETC\x64\Debug\ANPR.exe" /INCREMENTAL /NOLOGO /LIBPATH:C:\OpenCV\build\x64\vc12\lib opencv_calib3d249d.lib opencv_contrib249d.lib opencv_core249d.lib opencv_features2d249d.lib opencv_flann249d.lib opencv_gpu249d.lib opencv_highgui249d.lib opencv_imgproc249d.lib opencv_legacy249d.lib opencv_ml249d.lib opencv_nonfree249d.lib opencv_objdetect249d.lib opencv_ocl249d.lib opencv_photo249d.lib opencv_stitching249d.lib opencv_superres249d.lib opencv_video249d.lib opencv_videostab249d.lib kernel32.lib user32.lib gdi32.lib winspool.lib comdlg32.lib advapi32.lib shell32.lib ole32.lib oleaut32.lib uuid.lib odbc32.lib odbccp32.lib /ASSEMBLYRESOURCE:x64\Debug\ANPR.AboutmeForm.resources /ASSEMBLYRESOURCE:x64\Debug\ANPR.Form1.resources /MANIFEST /MANIFESTUAC:"level='asInvoker' uiAccess='false'" /manifest:embed /DEBUG /PDB:"D:\STUDYING\THESIS GRADUATION\Code\ANPR_ETC\x64\Debug\ANPR.pdb" /ASSEMBLYDEBUG /TLBID:1 /DYNAMICBASE /FIXED:NO /NXCOMPAT /MACHINE:X64 x64\Debug\AboutmeForm.obj
         x64\Debug\AssemblyInfo.obj
         x64\Debug\ANPR.obj
         x64\Debug\Main.obj
         x64\Debug\PlateFinder.obj
         x64\Debug\Recognise.obj
         x64\Debug\stdafx.obj
         "x64\Debug\.NETFramework,Version=v4.5.AssemblyAttributes.obj"
     1>ANPR.obj : warning LNK4248: unresolved typeref token (01000037) for 'CvCapture'; image may not run
         ANPR.vcxproj -> D:\STUDYING\THESIS GRADUATION\Code\ANPR_ETC\x64\Debug\ANPR.exe
     1>Done Building Project "D:\STUDYING\THESIS GRADUATION\Code\ANPR_ETC\ANPR\ANPR.vcxproj" (Build target(s)).

Build succeeded.

Time Elapsed 00:00:11.99
