d:\studying\thesis graduation\code\anpr_etc\anpr\x64\debug\anpr.aboutmeform.resources
d:\studying\thesis graduation\code\anpr_etc\anpr\x64\debug\anpr.form1.resources
d:\studying\thesis graduation\code\anpr_etc\anpr\x64\debug\vc120.pdb
d:\studying\thesis graduation\code\anpr_etc\anpr\x64\debug\stdafx.obj
d:\studying\thesis graduation\code\anpr_etc\anpr\x64\debug\recognise.obj
d:\studying\thesis graduation\code\anpr_etc\anpr\x64\debug\platefinder.obj
d:\studying\thesis graduation\code\anpr_etc\anpr\x64\debug\main.obj
d:\studying\thesis graduation\code\anpr_etc\anpr\x64\debug\anpr.obj
d:\studying\thesis graduation\code\anpr_etc\anpr\x64\debug\assemblyinfo.obj
d:\studying\thesis graduation\code\anpr_etc\anpr\x64\debug\aboutmeform.obj
d:\studying\thesis graduation\code\anpr_etc\anpr\x64\debug\.netframework,version=v4.5.assemblyattributes.obj
d:\studying\thesis graduation\code\anpr_etc\x64\debug\anpr.exe
d:\studying\thesis graduation\code\anpr_etc\x64\debug\anpr.pdb
d:\studying\thesis graduation\code\anpr_etc\anpr\x64\debug\anpr.tlog\metagen.write.1.tlog
d:\studying\thesis graduation\code\anpr_etc\anpr\x64\debug\anpr.vcxproj.generateresource.cache
d:\studying\thesis graduation\code\anpr_etc\anpr\x64\debug\anpr.tlog\anpr.write.1u.tlog
d:\studying\thesis graduation\code\anpr_etc\anpr\x64\debug\anpr.tlog\cl.command.1.tlog
d:\studying\thesis graduation\code\anpr_etc\anpr\x64\debug\anpr.tlog\cl.read.1.tlog
d:\studying\thesis graduation\code\anpr_etc\anpr\x64\debug\anpr.tlog\cl.write.1.tlog
d:\studying\thesis graduation\code\anpr_etc\anpr\x64\debug\anpr.tlog\link.command.1.tlog
d:\studying\thesis graduation\code\anpr_etc\anpr\x64\debug\anpr.tlog\link.read.1.tlog
d:\studying\thesis graduation\code\anpr_etc\anpr\x64\debug\anpr.tlog\link.write.1.tlog
d:\studying\thesis graduation\code\anpr_etc\anpr\x64\debug\anpr.tlog\metagen.read.1.tlog
d:\studying\thesis graduation\code\anpr_etc\anpr\x64\debug\anpr.tlog\devexpress.data.v14.1.dll.metagen
d:\studying\thesis graduation\code\anpr_etc\anpr\x64\debug\anpr.tlog\devexpress.utils.v14.1.dll.metagen
d:\studying\thesis graduation\code\anpr_etc\anpr\x64\debug\anpr.tlog\devexpress.xtrabars.v14.1.dll.metagen
d:\studying\thesis graduation\code\anpr_etc\anpr\x64\debug\anpr.tlog\devexpress.xtraeditors.v14.1.dll.metagen
d:\studying\thesis graduation\code\anpr_etc\anpr\x64\debug\anpr.tlog\rsaenh.dll.bi
d:\studying\thesis graduation\code\anpr_etc\anpr\x64\debug\anpr.tlog\tzres.dll.bi
